<?xml version="1.0" encoding="UTF-8"?>
<!-- Generated by org.testng.reporters.JUnitReportReporter -->
<testsuite skipped="0" hostname="LAPTOP-S1LVCJIH" name="com.testcase.Testcase" tests="1" failures="0" timestamp="25 Nov 2018 05:07:36 GMT" time="19.188" errors="0">
  <testcase name="launchBrowser" time="19.188" classname="com.testcase.Testcase"/>
</testsuite> <!-- com.testcase.Testcase -->
